2025-12-02 16:53:20,239 - __main__ - INFO - 
======================================================================
2025-12-02 16:53:20,239 - __main__ - INFO - 🚀 BẮT ĐẦU TAXI PRICE PREDICTION PIPELINE
2025-12-02 16:53:20,239 - __main__ - INFO - ======================================================================

2025-12-02 16:53:20,239 - __main__ - INFO - ✅ Dữ liệu đã tồn tại: D:\NHập môn KHDL\Đồ án Python\Do_An_Python\data\taxi_price.csv
2025-12-02 16:53:20,239 - __main__ - INFO - 
======================================================================
2025-12-02 16:53:20,239 - __main__ - INFO - 📊 BƯỚC 1: TIỀN XỬ LÝ DỮ LIỆU
2025-12-02 16:53:20,240 - __main__ - INFO - ======================================================================

2025-12-02 16:53:20,244 - src.preprocessing.data_preprocessor - INFO - ✅ Đọc dữ liệu thành công từ D:\NHập môn KHDL\Đồ án Python\Do_An_Python\data\taxi_price.csv - Shape: (1000, 11)
2025-12-02 16:53:20,245 - src.preprocessing.data_preprocessor - INFO - ⚙️  Bỏ qua feature_engineering vì SPEED_FEATURE.disabled
2025-12-02 16:53:20,245 - __main__ - INFO - Dữ liệu gốc: (1000, 11)
2025-12-02 16:53:20,245 - __main__ - INFO - 
🧾 Đang chạy EDA overview...
2025-12-02 16:53:20,246 - src.preprocessing.data_preprocessor - INFO - ======================================================================
2025-12-02 16:53:20,246 - src.preprocessing.data_preprocessor - INFO - 📊 BÁO CÁO TỔNG QUAN DỮ LIỆU
2025-12-02 16:53:20,246 - src.preprocessing.data_preprocessor - INFO - ======================================================================
2025-12-02 16:53:20,250 - src.preprocessing.data_preprocessor - INFO - [1] Rows: 1000 | Columns: 11 | Duplicates: 0
2025-12-02 16:53:20,250 - src.preprocessing.data_preprocessor - INFO - Memory usage: 0.26 MB | Missing: 549 (4.99%)
2025-12-02 16:53:20,251 - src.preprocessing.data_preprocessor - INFO - [2] Dtypes summary: {dtype('float64'): 7, dtype('O'): 4}
2025-12-02 16:53:20,255 - src.preprocessing.data_preprocessor - INFO - [3] Top 5 columns with highest missing pct:
                      dtype  missing  missing_pct  unique  constant
Trip_Distance_km    float64       50          5.0     867     False
Time_of_Day          object       50          5.0       4     False
Day_of_Week          object       50          5.0       2     False
Passenger_Count     float64       50          5.0       4     False
Traffic_Conditions   object       50          5.0       3     False
2025-12-02 16:53:20,276 - src.preprocessing.data_preprocessor - INFO - [4] Numeric statistics with skewness:
                            mean        std     min      50%         max  skewness
Trip_Distance_km       27.070547  19.905300  1.2300  25.8300  146.067047  2.236010
Passenger_Count         2.476842   1.102249  1.0000   2.0000    4.000000  0.016255
Base_Fare               3.502989   0.870162  2.0100   3.5200    5.000000 -0.005149
Per_Km_Rate             1.233316   0.429816  0.5000   1.2200    2.000000  0.079206
Per_Minute_Rate         0.292916   0.115592  0.1000   0.2900    0.500000  0.058695
Trip_Duration_Minutes  62.118116  32.154406  5.0100  61.8600  119.840000  0.017749
Trip_Price             56.874773  40.469791  6.1269  50.0745  332.043689  3.732561
2025-12-02 16:53:20,288 - src.preprocessing.data_preprocessor - WARNING - ⚠ Các cột có phân phối lệch mạnh (|skew| > 1): ['Trip_Distance_km', 'Trip_Price']
2025-12-02 16:53:20,289 - src.preprocessing.data_preprocessor - INFO - [5] Top 5 values for column 'Time_of_Day':
Time_of_Day
Afternoon    371
Morning      283
Evening      203
Night         93
NaN           50
Name: count, dtype: int64
2025-12-02 16:53:20,290 - src.preprocessing.data_preprocessor - INFO - [5] Top 5 values for column 'Day_of_Week':
Day_of_Week
Weekday    655
Weekend    295
NaN         50
Name: count, dtype: int64
2025-12-02 16:53:20,291 - src.preprocessing.data_preprocessor - INFO - [5] Top 5 values for column 'Traffic_Conditions':
Traffic_Conditions
Low       397
Medium    371
High      182
NaN        50
Name: count, dtype: int64
2025-12-02 16:53:20,293 - src.preprocessing.data_preprocessor - INFO - [5] Top 5 values for column 'Weather':
Weather
Clear    667
Rain     227
Snow      56
NaN       50
Name: count, dtype: int64
2025-12-02 16:53:20,297 - src.preprocessing.data_preprocessor - INFO - [6] Top 5 strong feature correlations:
Trip_Distance_km       Trip_Price         0.849123
Per_Km_Rate            Trip_Price         0.275135
Trip_Duration_Minutes  Trip_Price         0.221211
Per_Minute_Rate        Trip_Price         0.141226
Trip_Distance_km       Passenger_Count    0.048397
dtype: float64
2025-12-02 16:53:20,299 - src.preprocessing.data_preprocessor - INFO - ======================================================================
2025-12-02 16:53:20,302 - __main__ - INFO - 
🖼️  Đang tạo các biểu đồ EDA (tự động lưu tại results/eda)...
2025-12-02 16:53:20,720 - src.visualization.data_visualizer - INFO - Visualization saved to D:\NHập môn KHDL\Đồ án Python\Do_An_Python\results\eda\missing_heatmap.png
2025-12-02 16:53:21,186 - src.visualization.data_visualizer - INFO - Visualization saved to D:\NHập môn KHDL\Đồ án Python\Do_An_Python\results\eda\numeric_Trip_Distance_km.png
2025-12-02 16:53:21,581 - src.visualization.data_visualizer - INFO - Visualization saved to D:\NHập môn KHDL\Đồ án Python\Do_An_Python\results\eda\numeric_Passenger_Count.png
2025-12-02 16:53:22,034 - src.visualization.data_visualizer - INFO - Visualization saved to D:\NHập môn KHDL\Đồ án Python\Do_An_Python\results\eda\numeric_Base_Fare.png
2025-12-02 16:53:22,461 - src.visualization.data_visualizer - INFO - Visualization saved to D:\NHập môn KHDL\Đồ án Python\Do_An_Python\results\eda\numeric_Per_Km_Rate.png
2025-12-02 16:53:22,880 - src.visualization.data_visualizer - INFO - Visualization saved to D:\NHập môn KHDL\Đồ án Python\Do_An_Python\results\eda\numeric_Per_Minute_Rate.png
2025-12-02 16:53:23,295 - src.visualization.data_visualizer - INFO - Visualization saved to D:\NHập môn KHDL\Đồ án Python\Do_An_Python\results\eda\numeric_Trip_Duration_Minutes.png
2025-12-02 16:53:23,524 - src.visualization.data_visualizer - INFO - Visualization saved to D:\NHập môn KHDL\Đồ án Python\Do_An_Python\results\eda\categorical_Time_of_Day.png
2025-12-02 16:53:23,739 - src.visualization.data_visualizer - INFO - Visualization saved to D:\NHập môn KHDL\Đồ án Python\Do_An_Python\results\eda\categorical_Day_of_Week.png
2025-12-02 16:53:23,960 - src.visualization.data_visualizer - INFO - Visualization saved to D:\NHập môn KHDL\Đồ án Python\Do_An_Python\results\eda\categorical_Traffic_Conditions.png
2025-12-02 16:53:24,187 - src.visualization.data_visualizer - INFO - Visualization saved to D:\NHập môn KHDL\Đồ án Python\Do_An_Python\results\eda\categorical_Weather.png
2025-12-02 16:53:24,584 - src.visualization.data_visualizer - INFO - Visualization saved to D:\NHập môn KHDL\Đồ án Python\Do_An_Python\results\eda\correlation_spearman.png
2025-12-02 16:53:24,970 - src.visualization.data_visualizer - INFO - Visualization saved to D:\NHập môn KHDL\Đồ án Python\Do_An_Python\results\eda\relationship_Trip_Distance_km_vs_Trip_Price.png
2025-12-02 16:53:25,330 - src.visualization.data_visualizer - INFO - Visualization saved to D:\NHập môn KHDL\Đồ án Python\Do_An_Python\results\eda\relationship_Passenger_Count_vs_Trip_Price.png
2025-12-02 16:53:25,701 - src.visualization.data_visualizer - INFO - Visualization saved to D:\NHập môn KHDL\Đồ án Python\Do_An_Python\results\eda\relationship_Base_Fare_vs_Trip_Price.png
2025-12-02 16:53:26,101 - src.visualization.data_visualizer - INFO - Visualization saved to D:\NHập môn KHDL\Đồ án Python\Do_An_Python\results\eda\relationship_Per_Km_Rate_vs_Trip_Price.png
2025-12-02 16:53:26,485 - src.visualization.data_visualizer - INFO - Visualization saved to D:\NHập môn KHDL\Đồ án Python\Do_An_Python\results\eda\relationship_Per_Minute_Rate_vs_Trip_Price.png
2025-12-02 16:53:26,865 - src.visualization.data_visualizer - INFO - Visualization saved to D:\NHập môn KHDL\Đồ án Python\Do_An_Python\results\eda\relationship_Trip_Duration_Minutes_vs_Trip_Price.png
2025-12-02 16:53:27,114 - src.visualization.data_visualizer - INFO - Visualization saved to D:\NHập môn KHDL\Đồ án Python\Do_An_Python\results\eda\relationship_Time_of_Day_vs_Trip_Price.png
2025-12-02 16:53:27,349 - src.visualization.data_visualizer - INFO - Visualization saved to D:\NHập môn KHDL\Đồ án Python\Do_An_Python\results\eda\relationship_Day_of_Week_vs_Trip_Price.png
2025-12-02 16:53:27,608 - src.visualization.data_visualizer - INFO - Visualization saved to D:\NHập môn KHDL\Đồ án Python\Do_An_Python\results\eda\relationship_Traffic_Conditions_vs_Trip_Price.png
2025-12-02 16:53:27,851 - src.visualization.data_visualizer - INFO - Visualization saved to D:\NHập môn KHDL\Đồ án Python\Do_An_Python\results\eda\relationship_Weather_vs_Trip_Price.png
2025-12-02 16:53:27,858 - src.preprocessing.data_preprocessor - INFO - ======================================================================
2025-12-02 16:53:27,858 - src.preprocessing.data_preprocessor - INFO - ÁP DỤNG 8 RÀNG BUỘC DỮ LIỆU
2025-12-02 16:53:27,858 - src.preprocessing.data_preprocessor - INFO - ======================================================================
2025-12-02 16:53:27,863 - __main__ - INFO - 📂 Dữ liệu sau bước tiền xử lý cơ bản: (1000, 11)
2025-12-02 16:53:27,864 - __main__ - INFO - 
🔀 Chia train/test trước khi fit encoder/scaler để tránh data leakage...
2025-12-02 16:53:27,867 - __main__ - INFO - Train: (800, 11) | Test: (200, 11)
2025-12-02 16:53:27,868 - src.preprocessing.data_preprocessor - INFO - ✅ DataPreprocessor khởi tạo thành công - Shape: (800, 11)
2025-12-02 16:53:27,875 - src.preprocessing.data_preprocessor - INFO - Trip_Distance_km: Drop 19 outliers (iqr, threshold=1.5)
2025-12-02 16:53:27,880 - src.preprocessing.data_preprocessor - INFO - Trip_Price: Drop 8 outliers (iqr, threshold=1.5)
2025-12-02 16:53:27,881 - src.preprocessing.data_preprocessor - INFO - 🧩 ENCODING FEATURES | Tổng cột phân loại: 4 | Rule riêng: 0
2025-12-02 16:53:27,884 - src.preprocessing.data_preprocessor - INFO -    • Time_of_Day: OneHotEncoder -> thêm 3 cột
2025-12-02 16:53:27,886 - src.preprocessing.data_preprocessor - INFO -    • Day_of_Week: OneHotEncoder -> thêm 1 cột
2025-12-02 16:53:27,888 - src.preprocessing.data_preprocessor - INFO -    • Traffic_Conditions: OneHotEncoder -> thêm 2 cột
2025-12-02 16:53:27,889 - src.preprocessing.data_preprocessor - INFO -    • Weather: OneHotEncoder -> thêm 2 cột
2025-12-02 16:53:27,890 - src.preprocessing.data_preprocessor - INFO -    • Tổng cột one-hot mới: 8
2025-12-02 16:53:27,890 - src.preprocessing.data_preprocessor - INFO - ✅ Encoding hoàn tất - shape mới: (773, 15)
2025-12-02 16:53:27,890 - __main__ - INFO - 
📏 Chuẩn hóa features (fit trên train, transform cho test)...
2025-12-02 16:53:27,892 - src.preprocessing.data_preprocessor - INFO - ⚙️  SCALE FEATURES | Tổng cột số: 15 | Có rule riêng: 14
2025-12-02 16:53:27,894 - src.preprocessing.data_preprocessor - INFO -    • Trip_Distance_km: dùng scaler StandardScaler
2025-12-02 16:53:27,896 - src.preprocessing.data_preprocessor - INFO -    • Passenger_Count: dùng scaler StandardScaler
2025-12-02 16:53:27,898 - src.preprocessing.data_preprocessor - INFO -    • Base_Fare: dùng scaler StandardScaler
2025-12-02 16:53:27,901 - src.preprocessing.data_preprocessor - INFO -    • Per_Km_Rate: dùng scaler StandardScaler
2025-12-02 16:53:27,903 - src.preprocessing.data_preprocessor - INFO -    • Per_Minute_Rate: dùng scaler StandardScaler
2025-12-02 16:53:27,905 - src.preprocessing.data_preprocessor - INFO -    • Trip_Duration_Minutes: dùng scaler StandardScaler
2025-12-02 16:53:27,907 - src.preprocessing.data_preprocessor - INFO -    • Time_of_Day_Evening: dùng scaler StandardScaler
2025-12-02 16:53:27,909 - src.preprocessing.data_preprocessor - INFO -    • Time_of_Day_Morning: dùng scaler StandardScaler
2025-12-02 16:53:27,911 - src.preprocessing.data_preprocessor - INFO -    • Time_of_Day_Night: dùng scaler StandardScaler
2025-12-02 16:53:27,913 - src.preprocessing.data_preprocessor - INFO -    • Day_of_Week_Weekend: dùng scaler StandardScaler
2025-12-02 16:53:27,916 - src.preprocessing.data_preprocessor - INFO -    • Traffic_Conditions_Low: dùng scaler StandardScaler
2025-12-02 16:53:27,919 - src.preprocessing.data_preprocessor - INFO -    • Traffic_Conditions_Medium: dùng scaler StandardScaler
2025-12-02 16:53:27,922 - src.preprocessing.data_preprocessor - INFO -    • Weather_Rain: dùng scaler StandardScaler
2025-12-02 16:53:27,924 - src.preprocessing.data_preprocessor - INFO -    • Weather_Snow: dùng scaler StandardScaler
2025-12-02 16:53:27,924 - src.preprocessing.data_preprocessor - INFO - ✅ Scale hoàn tất - tổng cột đã scale: 14
2025-12-02 16:53:27,929 - src.preprocessing.data_preprocessor - INFO - Test set: drop 3 dòng do vi phạm outlier rule
2025-12-02 16:53:28,618 - src.visualization.data_visualizer - INFO - Visualization saved to D:\NHập môn KHDL\Đồ án Python\Do_An_Python\results\eda\correlation_heatmap.png
2025-12-02 16:53:28,632 - __main__ - INFO - 📌 Heatmap tương quan (train) đã lưu tại: D:\NHập môn KHDL\Đồ án Python\Do_An_Python\results\eda\correlation_heatmap.png
2025-12-02 16:53:28,635 - __main__ - INFO - 🎯 3 feature có |corr| >= 0.3: ['Trip_Distance_km', 'Per_Km_Rate', 'Trip_Duration_Minutes']
2025-12-02 16:53:28,637 - src.preprocessing.data_preprocessor - INFO - ======================================================================
2025-12-02 16:53:28,637 - src.preprocessing.data_preprocessor - INFO - 📊 TÓM TẮT DỮ LIỆU
2025-12-02 16:53:28,637 - src.preprocessing.data_preprocessor - INFO - {'shape': (773, 15), 'n_numeric_cols': 15, 'n_categorical_cols': 0, 'total_missing': 0, 'preprocessing_steps': ['fill_missing', 'handle_outliers', 'encode', 'scale'], 'memory_usage_mb': 0.08858871459960938}
2025-12-02 16:53:28,637 - src.preprocessing.data_preprocessor - INFO - ======================================================================
2025-12-02 16:53:28,657 - __main__ - INFO - 💾 Đã lưu dữ liệu đã xử lý (train+test) tại D:\NHập môn KHDL\Đồ án Python\Do_An_Python\data\taxi_price_processed.csv
2025-12-02 16:53:28,658 - __main__ - INFO - 
======================================================================
2025-12-02 16:53:28,658 - __main__ - INFO - 🤖 BƯỚC 2: HUẤN LUYỆN MÔ HÌNH
2025-12-02 16:53:28,659 - __main__ - INFO - ======================================================================

2025-12-02 16:53:28,660 - src.modeling.model_trainer - INFO - ✅ ModelTrainer khởi tạo thành công
2025-12-02 16:53:28,660 - src.modeling.model_trainer - INFO -    Train: (773, 14), Test: (197, 14)
2025-12-02 16:53:28,660 - __main__ - INFO - Data info: {'train_shape': (773, 14), 'test_shape': (197, 14), 'n_features': 14, 'n_samples_train': 773, 'n_samples_test': 197}

2025-12-02 16:53:28,660 - __main__ - INFO - 🔍 Tối ưu Polynomial Regression...
2025-12-02 16:53:28,660 - src.modeling.model_trainer - INFO - 
======================================================================
2025-12-02 16:53:28,660 - src.modeling.model_trainer - INFO - 🔍 Tối ưu POLYNOMIAL REGRESSION bằng Optuna
2025-12-02 16:53:28,661 - src.modeling.model_trainer - INFO - ======================================================================
2025-12-02 16:53:36,943 - src.modeling.model_trainer - INFO - ✅ Best params: {'degree': 2, 'alpha': 7.579479953348009}
2025-12-02 16:53:36,943 - src.modeling.model_trainer - INFO -    Best RMSE: 8.386846
2025-12-02 16:53:36,944 - src.modeling.model_trainer - INFO - 
📊 Training POLYNOMIAL REGRESSION (degree=2, alpha=7.579479953348009)
2025-12-02 16:53:36,944 - src.modeling.model_trainer - INFO -    Sử dụng 3 feature có |corr| >= threshold
2025-12-02 16:53:36,944 - src.modeling.model_trainer - INFO -    Features: ['Trip_Distance_km', 'Per_Km_Rate', 'Trip_Duration_Minutes']
2025-12-02 16:53:36,948 - src.modeling.model_trainer - INFO -    Original features: 14
2025-12-02 16:53:36,949 - src.modeling.model_trainer - INFO -    Polynomial features: 9
2025-12-02 16:53:36,949 - src.modeling.model_trainer - INFO -    ✅ Polynomial features được scale (StandardScaler)
2025-12-02 16:53:36,954 - src.modeling.model_trainer - INFO -    Train RMSE: 10.334710
2025-12-02 16:53:36,954 - src.modeling.model_trainer - INFO -    Test RMSE: 10.433786
2025-12-02 16:53:36,954 - src.modeling.model_trainer - INFO -    Test MAE: 7.875096
2025-12-02 16:53:36,955 - src.modeling.model_trainer - INFO -    Test R²: 0.799801
2025-12-02 16:53:36,955 - __main__ - INFO - 🔍 Tối ưu Random Forest...
2025-12-02 16:53:36,955 - src.modeling.model_trainer - INFO - 
======================================================================
2025-12-02 16:53:36,955 - src.modeling.model_trainer - INFO - 🔍 Tối ưu RANDOM FOREST bằng Optuna
2025-12-02 16:53:36,955 - src.modeling.model_trainer - INFO - ======================================================================
2025-12-02 16:53:44,731 - src.modeling.model_trainer - INFO - ✅ Best params: {'n_estimators': 126, 'max_depth': 13, 'min_samples_split': 5, 'min_samples_leaf': 2}
2025-12-02 16:53:44,731 - src.modeling.model_trainer - INFO -    Best RMSE: 9.136283
2025-12-02 16:53:44,732 - src.modeling.model_trainer - INFO - 
📊 Training RANDOM FOREST
2025-12-02 16:53:44,732 - src.modeling.model_trainer - INFO -    n_estimators=126, max_depth=13
2025-12-02 16:53:44,938 - src.modeling.model_trainer - INFO -    Train RMSE: 4.474462
2025-12-02 16:53:44,938 - src.modeling.model_trainer - INFO -    Test RMSE: 7.502213
2025-12-02 16:53:44,938 - src.modeling.model_trainer - INFO -    Test MAE: 5.296564
2025-12-02 16:53:44,938 - src.modeling.model_trainer - INFO -    Test R²: 0.896496
2025-12-02 16:53:44,938 - __main__ - INFO - 🔍 Tối ưu XGBoost...
2025-12-02 16:53:44,939 - src.modeling.model_trainer - INFO - 
======================================================================
2025-12-02 16:53:44,939 - src.modeling.model_trainer - INFO - 🔍 Tối ưu XGBOOST bằng Optuna
2025-12-02 16:53:44,939 - src.modeling.model_trainer - INFO - ======================================================================
2025-12-02 16:53:51,591 - src.modeling.model_trainer - INFO - ✅ Best params: {'max_depth': 4, 'learning_rate': 0.04378231588241702, 'n_estimators': 149, 'subsample': 0.6024730499293749, 'colsample_bytree': 0.9312404495902852, 'min_child_weight': 3, 'lambda': 0.22475819755405224, 'alpha': 0.447620252684598}
2025-12-02 16:53:51,592 - src.modeling.model_trainer - INFO -    Best RMSE: 8.419928
2025-12-02 16:53:51,730 - src.modeling.model_trainer - INFO - 
📊 Training XGBOOST
2025-12-02 16:53:51,884 - src.modeling.model_trainer - INFO -    Train RMSE: 5.356988
2025-12-02 16:53:51,884 - src.modeling.model_trainer - INFO -    Test RMSE: 6.804507
2025-12-02 16:53:51,884 - src.modeling.model_trainer - INFO -    Test MAE: 4.376635
2025-12-02 16:53:51,884 - src.modeling.model_trainer - INFO -    Test R²: 0.914852
2025-12-02 16:53:51,884 - __main__ - INFO - 
======================================================================
2025-12-02 16:53:51,885 - __main__ - INFO - 📊 BƯỚC 3: ĐÁNH GIÁ VÀ VISUALIZATION
2025-12-02 16:53:51,885 - __main__ - INFO - ======================================================================

2025-12-02 16:53:51,885 - src.modeling.model_trainer - INFO - 
======================================================================
2025-12-02 16:53:51,885 - src.modeling.model_trainer - INFO - 📊 TÓM TẮT KẾT QUẢ TRAINING
2025-12-02 16:53:51,885 - src.modeling.model_trainer - INFO - ======================================================================

2025-12-02 16:53:51,888 - src.modeling.model_trainer - INFO - 
✨ MÔ HÌNH TỐT NHẤT: XGBOOST
2025-12-02 16:53:51,888 - src.modeling.model_trainer - INFO -    Test R²: 0.914852
2025-12-02 16:53:51,888 - src.modeling.model_trainer - INFO - 
======================================================================

2025-12-02 16:53:51,889 - src.modeling.model_trainer - INFO - ✅ Đã lưu kết quả: D:\NHập môn KHDL\Đồ án Python\Do_An_Python\results\model\model_results.json
2025-12-02 16:53:51,889 - src.modeling.model_trainer - INFO - 
======================================================================
2025-12-02 16:53:51,889 - src.modeling.model_trainer - INFO - 💾 LƯU TẤT CẢ CÁC MÔ HÌNH
2025-12-02 16:53:51,890 - src.modeling.model_trainer - INFO - ======================================================================
2025-12-02 16:53:51,892 - src.modeling.model_trainer - INFO - ✅ Đã lưu mô hình: D:\NHập môn KHDL\Đồ án Python\Do_An_Python\models\polynomial_20251202_165351.joblib
2025-12-02 16:53:51,943 - src.modeling.model_trainer - INFO - ✅ Đã lưu mô hình: D:\NHập môn KHDL\Đồ án Python\Do_An_Python\models\random_forest_20251202_165351.joblib
2025-12-02 16:53:51,946 - src.modeling.model_trainer - INFO - ✅ Đã lưu mô hình: D:\NHập môn KHDL\Đồ án Python\Do_An_Python\models\xgboost_20251202_165351.joblib
2025-12-02 16:53:51,946 - src.modeling.model_trainer - INFO - 
✅ Hoàn tất lưu 3 mô hình!

2025-12-02 16:53:51,947 - __main__ - INFO - 📈 Vẽ biểu đồ so sánh...
2025-12-02 16:53:52,208 - src.visualization.data_visualizer - INFO - Visualization saved to D:\NHập môn KHDL\Đồ án Python\Do_An_Python\results\model\comparison_test_r2.png
2025-12-02 16:53:52,437 - src.visualization.data_visualizer - INFO - Visualization saved to D:\NHập môn KHDL\Đồ án Python\Do_An_Python\results\model\comparison_test_rmse.png
2025-12-02 16:53:52,675 - src.visualization.data_visualizer - INFO - Visualization saved to D:\NHập môn KHDL\Đồ án Python\Do_An_Python\results\model\comparison_test_mae.png
2025-12-02 16:53:52,682 - __main__ - INFO - 📈 Vẽ biểu đồ predictions...
2025-12-02 16:53:52,683 - src.modeling.model_trainer - INFO - 
======================================================================
2025-12-02 16:53:52,683 - src.modeling.model_trainer - INFO - 📈 VẼ BIỂU ĐỒ PREDICTIONS CHO TẤT CẢ MÔ HÌNH
2025-12-02 16:53:52,683 - src.modeling.model_trainer - INFO - ======================================================================

2025-12-02 16:53:53,110 - src.visualization.data_visualizer - INFO - Visualization saved to D:\NHập môn KHDL\Đồ án Python\Do_An_Python\results\model\predictions_polynomial.png
2025-12-02 16:53:53,601 - src.visualization.data_visualizer - INFO - Visualization saved to D:\NHập môn KHDL\Đồ án Python\Do_An_Python\results\model\predictions_random_forest.png
2025-12-02 16:53:54,095 - src.visualization.data_visualizer - INFO - Visualization saved to D:\NHập môn KHDL\Đồ án Python\Do_An_Python\results\model\predictions_xgboost.png
2025-12-02 16:53:54,101 - __main__ - INFO - 📈 Vẽ biểu đồ feature importance...
2025-12-02 16:53:54,102 - src.modeling.model_trainer - INFO - 
======================================================================
2025-12-02 16:53:54,102 - src.modeling.model_trainer - INFO - 📊 VẼ FEATURE IMPORTANCE CHO TẤT CẢ MÔ HÌNH
2025-12-02 16:53:54,102 - src.modeling.model_trainer - INFO - ======================================================================

2025-12-02 16:53:54,163 - src.modeling.model_trainer - INFO - 
📊 Feature Importance - RANDOM_FOREST
2025-12-02 16:53:54,163 - src.modeling.model_trainer - INFO - ======================================================================
2025-12-02 16:53:54,495 - src.visualization.data_visualizer - INFO - Visualization saved to D:\NHập môn KHDL\Đồ án Python\Do_An_Python\results\model\feature_importance_random_forest.png
2025-12-02 16:53:54,503 - src.modeling.model_trainer - INFO - 
📊 Feature Importance - XGBOOST
2025-12-02 16:53:54,503 - src.modeling.model_trainer - INFO - ======================================================================
2025-12-02 16:53:54,867 - src.visualization.data_visualizer - INFO - Visualization saved to D:\NHập môn KHDL\Đồ án Python\Do_An_Python\results\model\feature_importance_xgboost.png
2025-12-02 16:53:54,876 - __main__ - INFO - 📈 So sánh feature importance...
2025-12-02 16:53:54,876 - src.modeling.model_trainer - INFO - 
======================================================================
2025-12-02 16:53:54,877 - src.modeling.model_trainer - INFO - 📊 SO SÁNH FEATURE IMPORTANCE GIỮA CÁC MÔ HÌNH
2025-12-02 16:53:54,877 - src.modeling.model_trainer - INFO - ======================================================================

2025-12-02 16:53:55,402 - src.visualization.data_visualizer - INFO - Visualization saved to D:\NHập môn KHDL\Đồ án Python\Do_An_Python\results\model\feature_importance_comparison.png
2025-12-02 16:53:55,410 - __main__ - INFO - 
======================================================================
2025-12-02 16:53:55,410 - __main__ - INFO - ✨ MÔ HÌNH TỐT NHẤT: XGBOOST
2025-12-02 16:53:55,410 - __main__ - INFO -    Test R²: 0.914852
2025-12-02 16:53:55,411 - __main__ - INFO -    Test RMSE: 6.804507
2025-12-02 16:53:55,411 - __main__ - INFO -    Test MAE: 4.376635
2025-12-02 16:53:55,411 - __main__ - INFO - ======================================================================

2025-12-02 16:53:55,411 - __main__ - INFO - 
======================================================================
2025-12-02 16:53:55,412 - __main__ - INFO - ✅ HOÀN TẤT PIPELINE THÀNH CÔNG!
2025-12-02 16:53:55,412 - __main__ - INFO - ======================================================================

2025-12-02 16:53:55,412 - __main__ - INFO - 📁 Mô hình đã lưu tại: D:\NHập môn KHDL\Đồ án Python\Do_An_Python\models
2025-12-02 16:53:55,412 - __main__ - INFO - 📁 Kết quả đã lưu tại: D:\NHập môn KHDL\Đồ án Python\Do_An_Python\results
